<?xml version="1.0" encoding="UTF-8"?>
<testsuite xmlns:xsi="http://www.w3.org/2001/XMLSchema-instance" xsi:noNamespaceSchemaLocation="https://maven.apache.org/surefire/maven-surefire-plugin/xsd/surefire-test-report.xsd" name="com.codeU.demo.AppTest" time="0.324" tests="1" errors="0" skipped="0" failures="0">
  <properties>
    <property name="sun.desktop" value="windows"/>
    <property name="awt.toolkit" value="sun.awt.windows.WToolkit"/>
    <property name="java.specification.version" value="11"/>
    <property name="sun.cpu.isalist" value="amd64"/>
    <property name="sun.jnu.encoding" value="Cp1252"/>
    <property name="java.class.path" value="C:\Users\prgrmmr\Documents\Coding\test-project\target\test-classes;C:\Users\prgrmmr\Documents\Coding\test-project\target\classes;C:\Users\prgrmmr\.m2\repository\junit\junit\4.11\junit-4.11.jar;C:\Users\prgrmmr\.m2\repository\org\hamcrest\hamcrest-core\1.3\hamcrest-core-1.3.jar;C:\Users\prgrmmr\.m2\repository\com\google\cloud\google-cloud-storage\1.64.0\google-cloud-storage-1.64.0.jar;C:\Users\prgrmmr\.m2\repository\com\google\cloud\google-cloud-core\1.64.0\google-cloud-core-1.64.0.jar;C:\Users\prgrmmr\.m2\repository\com\google\guava\guava\26.0-android\guava-26.0-android.jar;C:\Users\prgrmmr\.m2\repository\org\checkerframework\checker-compat-qual\2.5.2\checker-compat-qual-2.5.2.jar;C:\Users\prgrmmr\.m2\repository\com\google\errorprone\error_prone_annotations\2.1.3\error_prone_annotations-2.1.3.jar;C:\Users\prgrmmr\.m2\repository\com\google\j2objc\j2objc-annotations\1.1\j2objc-annotations-1.1.jar;C:\Users\prgrmmr\.m2\repository\org\codehaus\mojo\animal-sniffer-annotations\1.14\animal-sniffer-annotations-1.14.jar;C:\Users\prgrmmr\.m2\repository\com\google\http-client\google-http-client\1.28.0\google-http-client-1.28.0.jar;C:\Users\prgrmmr\.m2\repository\com\google\code\findbugs\jsr305\3.0.2\jsr305-3.0.2.jar;C:\Users\prgrmmr\.m2\repository\com\google\api\api-common\1.7.0\api-common-1.7.0.jar;C:\Users\prgrmmr\.m2\repository\com\google\api\gax\1.40.0\gax-1.40.0.jar;C:\Users\prgrmmr\.m2\repository\org\threeten\threetenbp\1.3.3\threetenbp-1.3.3.jar;C:\Users\prgrmmr\.m2\repository\com\google\protobuf\protobuf-java-util\3.6.1\protobuf-java-util-3.6.1.jar;C:\Users\prgrmmr\.m2\repository\com\google\code\gson\gson\2.7\gson-2.7.jar;C:\Users\prgrmmr\.m2\repository\com\google\api\grpc\proto-google-common-protos\1.14.0\proto-google-common-protos-1.14.0.jar;C:\Users\prgrmmr\.m2\repository\com\google\api\grpc\proto-google-iam-v1\0.12.0\proto-google-iam-v1-0.12.0.jar;C:\Users\prgrmmr\.m2\repository\com\google\cloud\google-cloud-core-http\1.64.0\google-cloud-core-http-1.64.0.jar;C:\Users\prgrmmr\.m2\repository\com\google\auth\google-auth-library-credentials\0.13.0\google-auth-library-credentials-0.13.0.jar;C:\Users\prgrmmr\.m2\repository\com\google\auth\google-auth-library-oauth2-http\0.13.0\google-auth-library-oauth2-http-0.13.0.jar;C:\Users\prgrmmr\.m2\repository\com\google\http-client\google-http-client-jackson2\1.28.0\google-http-client-jackson2-1.28.0.jar;C:\Users\prgrmmr\.m2\repository\com\fasterxml\jackson\core\jackson-core\2.9.6\jackson-core-2.9.6.jar;C:\Users\prgrmmr\.m2\repository\com\google\api-client\google-api-client\1.27.0\google-api-client-1.27.0.jar;C:\Users\prgrmmr\.m2\repository\com\google\oauth-client\google-oauth-client\1.27.0\google-oauth-client-1.27.0.jar;C:\Users\prgrmmr\.m2\repository\com\google\http-client\google-http-client-appengine\1.28.0\google-http-client-appengine-1.28.0.jar;C:\Users\prgrmmr\.m2\repository\com\google\api\gax-httpjson\0.57.0\gax-httpjson-0.57.0.jar;C:\Users\prgrmmr\.m2\repository\io\opencensus\opencensus-api\0.18.0\opencensus-api-0.18.0.jar;C:\Users\prgrmmr\.m2\repository\io\opencensus\opencensus-contrib-http-util\0.18.0\opencensus-contrib-http-util-0.18.0.jar;C:\Users\prgrmmr\.m2\repository\com\google\apis\google-api-services-storage\v1-rev20181109-1.27.0\google-api-services-storage-v1-rev20181109-1.27.0.jar;C:\Users\prgrmmr\.m2\repository\com\google\http-client\google-http-client-apache\2.0.0\google-http-client-apache-2.0.0.jar;C:\Users\prgrmmr\.m2\repository\org\apache\httpcomponents\httpclient\4.5.5\httpclient-4.5.5.jar;C:\Users\prgrmmr\.m2\repository\org\apache\httpcomponents\httpcore\4.4.9\httpcore-4.4.9.jar;C:\Users\prgrmmr\.m2\repository\commons-logging\commons-logging\1.2\commons-logging-1.2.jar;C:\Users\prgrmmr\.m2\repository\commons-codec\commons-codec\1.10\commons-codec-1.10.jar;C:\Users\prgrmmr\.m2\repository\javax\annotation\javax.annotation-api\1.3.2\javax.annotation-api-1.3.2.jar;C:\Users\prgrmmr\.m2\repository\com\google\cloud\google-cloud-bigquery\1.64.0\google-cloud-bigquery-1.64.0.jar;C:\Users\prgrmmr\.m2\repository\com\google\apis\google-api-services-bigquery\v2-rev20181104-1.27.0\google-api-services-bigquery-v2-rev20181104-1.27.0.jar;C:\Users\prgrmmr\.m2\repository\com\google\cloud\google-cloud-language\1.64.0\google-cloud-language-1.64.0.jar;C:\Users\prgrmmr\.m2\repository\com\google\cloud\google-cloud-core-grpc\1.64.0\google-cloud-core-grpc-1.64.0.jar;C:\Users\prgrmmr\.m2\repository\com\google\protobuf\protobuf-java\3.6.1\protobuf-java-3.6.1.jar;C:\Users\prgrmmr\.m2\repository\io\grpc\grpc-protobuf\1.18.0\grpc-protobuf-1.18.0.jar;C:\Users\prgrmmr\.m2\repository\io\grpc\grpc-protobuf-lite\1.18.0\grpc-protobuf-lite-1.18.0.jar;C:\Users\prgrmmr\.m2\repository\io\grpc\grpc-context\1.18.0\grpc-context-1.18.0.jar;C:\Users\prgrmmr\.m2\repository\com\google\api\gax-grpc\1.40.0\gax-grpc-1.40.0.jar;C:\Users\prgrmmr\.m2\repository\io\grpc\grpc-alts\1.18.0\grpc-alts-1.18.0.jar;C:\Users\prgrmmr\.m2\repository\org\apache\commons\commons-lang3\3.5\commons-lang3-3.5.jar;C:\Users\prgrmmr\.m2\repository\io\grpc\grpc-grpclb\1.18.0\grpc-grpclb-1.18.0.jar;C:\Users\prgrmmr\.m2\repository\com\google\api\grpc\proto-google-cloud-language-v1\1.46.0\proto-google-cloud-language-v1-1.46.0.jar;C:\Users\prgrmmr\.m2\repository\com\google\api\grpc\proto-google-cloud-language-v1beta2\0.47.0\proto-google-cloud-language-v1beta2-0.47.0.jar;C:\Users\prgrmmr\.m2\repository\io\grpc\grpc-netty-shaded\1.18.0\grpc-netty-shaded-1.18.0.jar;C:\Users\prgrmmr\.m2\repository\io\grpc\grpc-core\1.18.0\grpc-core-1.18.0.jar;C:\Users\prgrmmr\.m2\repository\io\opencensus\opencensus-contrib-grpc-metrics\0.18.0\opencensus-contrib-grpc-metrics-0.18.0.jar;C:\Users\prgrmmr\.m2\repository\io\grpc\grpc-stub\1.18.0\grpc-stub-1.18.0.jar;C:\Users\prgrmmr\.m2\repository\io\grpc\grpc-auth\1.18.0\grpc-auth-1.18.0.jar;"/>
    <property name="java.vm.vendor" value="Oracle Corporation"/>
    <property name="sun.arch.data.model" value="64"/>
    <property name="user.variant" value=""/>
    <property name="java.vendor.url" value="http://java.oracle.com/"/>
    <property name="user.timezone" value="America/New_York"/>
    <property name="java.vm.specification.version" value="11"/>
    <property name="os.name" value="Windows 10"/>
    <property name="sun.java.launcher" value="SUN_STANDARD"/>
    <property name="user.country" value="US"/>
    <property name="sun.boot.library.path" value="C:\Program Files\Java\jdk-11.0.2\bin"/>
    <property name="sun.java.command" value="C:\Users\prgrmmr\AppData\Local\Temp\surefire14928049307451977836\surefirebooter6747555645601099085.jar C:\Users\prgrmmr\AppData\Local\Temp\surefire14928049307451977836 2019-03-08T12-43-41_129-jvmRun1 surefire12500351230954188859tmp surefire_013781003539293833037tmp"/>
    <property name="jdk.debug" value="release"/>
    <property name="surefire.test.class.path" value="C:\Users\prgrmmr\Documents\Coding\test-project\target\test-classes;C:\Users\prgrmmr\Documents\Coding\test-project\target\classes;C:\Users\prgrmmr\.m2\repository\junit\junit\4.11\junit-4.11.jar;C:\Users\prgrmmr\.m2\repository\org\hamcrest\hamcrest-core\1.3\hamcrest-core-1.3.jar;C:\Users\prgrmmr\.m2\repository\com\google\cloud\google-cloud-storage\1.64.0\google-cloud-storage-1.64.0.jar;C:\Users\prgrmmr\.m2\repository\com\google\cloud\google-cloud-core\1.64.0\google-cloud-core-1.64.0.jar;C:\Users\prgrmmr\.m2\repository\com\google\guava\guava\26.0-android\guava-26.0-android.jar;C:\Users\prgrmmr\.m2\repository\org\checkerframework\checker-compat-qual\2.5.2\checker-compat-qual-2.5.2.jar;C:\Users\prgrmmr\.m2\repository\com\google\errorprone\error_prone_annotations\2.1.3\error_prone_annotations-2.1.3.jar;C:\Users\prgrmmr\.m2\repository\com\google\j2objc\j2objc-annotations\1.1\j2objc-annotations-1.1.jar;C:\Users\prgrmmr\.m2\repository\org\codehaus\mojo\animal-sniffer-annotations\1.14\animal-sniffer-annotations-1.14.jar;C:\Users\prgrmmr\.m2\repository\com\google\http-client\google-http-client\1.28.0\google-http-client-1.28.0.jar;C:\Users\prgrmmr\.m2\repository\com\google\code\findbugs\jsr305\3.0.2\jsr305-3.0.2.jar;C:\Users\prgrmmr\.m2\repository\com\google\api\api-common\1.7.0\api-common-1.7.0.jar;C:\Users\prgrmmr\.m2\repository\com\google\api\gax\1.40.0\gax-1.40.0.jar;C:\Users\prgrmmr\.m2\repository\org\threeten\threetenbp\1.3.3\threetenbp-1.3.3.jar;C:\Users\prgrmmr\.m2\repository\com\google\protobuf\protobuf-java-util\3.6.1\protobuf-java-util-3.6.1.jar;C:\Users\prgrmmr\.m2\repository\com\google\code\gson\gson\2.7\gson-2.7.jar;C:\Users\prgrmmr\.m2\repository\com\google\api\grpc\proto-google-common-protos\1.14.0\proto-google-common-protos-1.14.0.jar;C:\Users\prgrmmr\.m2\repository\com\google\api\grpc\proto-google-iam-v1\0.12.0\proto-google-iam-v1-0.12.0.jar;C:\Users\prgrmmr\.m2\repository\com\google\cloud\google-cloud-core-http\1.64.0\google-cloud-core-http-1.64.0.jar;C:\Users\prgrmmr\.m2\repository\com\google\auth\google-auth-library-credentials\0.13.0\google-auth-library-credentials-0.13.0.jar;C:\Users\prgrmmr\.m2\repository\com\google\auth\google-auth-library-oauth2-http\0.13.0\google-auth-library-oauth2-http-0.13.0.jar;C:\Users\prgrmmr\.m2\repository\com\google\http-client\google-http-client-jackson2\1.28.0\google-http-client-jackson2-1.28.0.jar;C:\Users\prgrmmr\.m2\repository\com\fasterxml\jackson\core\jackson-core\2.9.6\jackson-core-2.9.6.jar;C:\Users\prgrmmr\.m2\repository\com\google\api-client\google-api-client\1.27.0\google-api-client-1.27.0.jar;C:\Users\prgrmmr\.m2\repository\com\google\oauth-client\google-oauth-client\1.27.0\google-oauth-client-1.27.0.jar;C:\Users\prgrmmr\.m2\repository\com\google\http-client\google-http-client-appengine\1.28.0\google-http-client-appengine-1.28.0.jar;C:\Users\prgrmmr\.m2\repository\com\google\api\gax-httpjson\0.57.0\gax-httpjson-0.57.0.jar;C:\Users\prgrmmr\.m2\repository\io\opencensus\opencensus-api\0.18.0\opencensus-api-0.18.0.jar;C:\Users\prgrmmr\.m2\repository\io\opencensus\opencensus-contrib-http-util\0.18.0\opencensus-contrib-http-util-0.18.0.jar;C:\Users\prgrmmr\.m2\repository\com\google\apis\google-api-services-storage\v1-rev20181109-1.27.0\google-api-services-storage-v1-rev20181109-1.27.0.jar;C:\Users\prgrmmr\.m2\repository\com\google\http-client\google-http-client-apache\2.0.0\google-http-client-apache-2.0.0.jar;C:\Users\prgrmmr\.m2\repository\org\apache\httpcomponents\httpclient\4.5.5\httpclient-4.5.5.jar;C:\Users\prgrmmr\.m2\repository\org\apache\httpcomponents\httpcore\4.4.9\httpcore-4.4.9.jar;C:\Users\prgrmmr\.m2\repository\commons-logging\commons-logging\1.2\commons-logging-1.2.jar;C:\Users\prgrmmr\.m2\repository\commons-codec\commons-codec\1.10\commons-codec-1.10.jar;C:\Users\prgrmmr\.m2\repository\javax\annotation\javax.annotation-api\1.3.2\javax.annotation-api-1.3.2.jar;C:\Users\prgrmmr\.m2\repository\com\google\cloud\google-cloud-bigquery\1.64.0\google-cloud-bigquery-1.64.0.jar;C:\Users\prgrmmr\.m2\repository\com\google\apis\google-api-services-bigquery\v2-rev20181104-1.27.0\google-api-services-bigquery-v2-rev20181104-1.27.0.jar;C:\Users\prgrmmr\.m2\repository\com\google\cloud\google-cloud-language\1.64.0\google-cloud-language-1.64.0.jar;C:\Users\prgrmmr\.m2\repository\com\google\cloud\google-cloud-core-grpc\1.64.0\google-cloud-core-grpc-1.64.0.jar;C:\Users\prgrmmr\.m2\repository\com\google\protobuf\protobuf-java\3.6.1\protobuf-java-3.6.1.jar;C:\Users\prgrmmr\.m2\repository\io\grpc\grpc-protobuf\1.18.0\grpc-protobuf-1.18.0.jar;C:\Users\prgrmmr\.m2\repository\io\grpc\grpc-protobuf-lite\1.18.0\grpc-protobuf-lite-1.18.0.jar;C:\Users\prgrmmr\.m2\repository\io\grpc\grpc-context\1.18.0\grpc-context-1.18.0.jar;C:\Users\prgrmmr\.m2\repository\com\google\api\gax-grpc\1.40.0\gax-grpc-1.40.0.jar;C:\Users\prgrmmr\.m2\repository\io\grpc\grpc-alts\1.18.0\grpc-alts-1.18.0.jar;C:\Users\prgrmmr\.m2\repository\org\apache\commons\commons-lang3\3.5\commons-lang3-3.5.jar;C:\Users\prgrmmr\.m2\repository\io\grpc\grpc-grpclb\1.18.0\grpc-grpclb-1.18.0.jar;C:\Users\prgrmmr\.m2\repository\com\google\api\grpc\proto-google-cloud-language-v1\1.46.0\proto-google-cloud-language-v1-1.46.0.jar;C:\Users\prgrmmr\.m2\repository\com\google\api\grpc\proto-google-cloud-language-v1beta2\0.47.0\proto-google-cloud-language-v1beta2-0.47.0.jar;C:\Users\prgrmmr\.m2\repository\io\grpc\grpc-netty-shaded\1.18.0\grpc-netty-shaded-1.18.0.jar;C:\Users\prgrmmr\.m2\repository\io\grpc\grpc-core\1.18.0\grpc-core-1.18.0.jar;C:\Users\prgrmmr\.m2\repository\io\opencensus\opencensus-contrib-grpc-metrics\0.18.0\opencensus-contrib-grpc-metrics-0.18.0.jar;C:\Users\prgrmmr\.m2\repository\io\grpc\grpc-stub\1.18.0\grpc-stub-1.18.0.jar;C:\Users\prgrmmr\.m2\repository\io\grpc\grpc-auth\1.18.0\grpc-auth-1.18.0.jar;"/>
    <property name="sun.cpu.endian" value="little"/>
    <property name="user.home" value="C:\Users\prgrmmr"/>
    <property name="user.language" value="en"/>
    <property name="java.specification.vendor" value="Oracle Corporation"/>
    <property name="java.version.date" value="2019-01-15"/>
    <property name="java.home" value="C:\Program Files\Java\jdk-11.0.2"/>
    <property name="file.separator" value="\"/>
    <property name="basedir" value="C:\Users\prgrmmr\Documents\Coding\test-project"/>
    <property name="java.vm.compressedOopsMode" value="32-bit"/>
    <property name="line.separator" value="&#10;"/>
    <property name="java.specification.name" value="Java Platform API Specification"/>
    <property name="java.vm.specification.vendor" value="Oracle Corporation"/>
    <property name="java.awt.graphicsenv" value="sun.awt.Win32GraphicsEnvironment"/>
    <property name="surefire.real.class.path" value="C:\Users\prgrmmr\AppData\Local\Temp\surefire14928049307451977836\surefirebooter6747555645601099085.jar"/>
    <property name="user.script" value=""/>
    <property name="sun.management.compiler" value="HotSpot 64-Bit Tiered Compilers"/>
    <property name="java.runtime.version" value="11.0.2+9-LTS"/>
    <property name="user.name" value="prgrmmr"/>
    <property name="path.separator" value=";"/>
    <property name="os.version" value="10.0"/>
    <property name="java.runtime.name" value="Java(TM) SE Runtime Environment"/>
    <property name="file.encoding" value="Cp1252"/>
    <property name="java.vm.name" value="Java HotSpot(TM) 64-Bit Server VM"/>
    <property name="java.vendor.version" value="18.9"/>
    <property name="localRepository" value="C:\Users\prgrmmr\.m2\repository"/>
    <property name="java.vendor.url.bug" value="http://bugreport.java.com/bugreport/"/>
    <property name="java.io.tmpdir" value="C:\Users\prgrmmr\AppData\Local\Temp\"/>
    <property name="java.version" value="11.0.2"/>
    <property name="user.dir" value="C:\Users\prgrmmr\Documents\Coding\test-project"/>
    <property name="os.arch" value="amd64"/>
    <property name="java.vm.specification.name" value="Java Virtual Machine Specification"/>
    <property name="java.awt.printerjob" value="sun.awt.windows.WPrinterJob"/>
    <property name="sun.os.patch.level" value=""/>
    <property name="java.library.path" value="C:\Program Files\Java\jdk-11.0.2\bin;C:\Windows\Sun\Java\bin;C:\Windows\system32;C:\Windows;C:\Windows\system32;C:\Windows;C:\Windows\System32\Wbem;C:\Windows\System32\WindowsPowerShell\v1.0\;C:\Windows\System32\OpenSSH\;C:\Program Files (x86)\PharosSystems\Core;C:\Program Files\TortoiseSVN\bin;C:\Program Files\PuTTY\;C:\Users\prgrmmr\AppData\Local\Microsoft\WindowsApps;C:\Users\prgrmmr\AppData\Local\Programs\Microsoft VS Code\bin;C:\Program Files\Java\jdk-11.0.2\bin;C:\Users\prgrmmr\AppData\Local\atom\bin;C:\Users\prgrmmr\AppData\Local\Programs\Git\cmd;C:\Users\prgrmmr\apache-maven-3.6.0\bin;%DASHLANE_DLL_DIR%;."/>
    <property name="java.vendor" value="Oracle Corporation"/>
    <property name="java.vm.info" value="mixed mode"/>
    <property name="java.vm.version" value="11.0.2+9-LTS"/>
    <property name="sun.io.unicode.encoding" value="UnicodeLittle"/>
    <property name="java.class.version" value="55.0"/>
  </properties>
  <testcase name="shouldAnswerWithTrue" classname="com.codeU.demo.AppTest" time="0.008"/>
</testsuite>